[INFO] Scanning for projects...
[INFO] 
[INFO] -----------------------< br.com.fiap:roar-demo >------------------------
[INFO] Building roar-demo 0.0.1-SNAPSHOT
[INFO]   from pom.xml
[INFO] --------------------------------[ jar ]---------------------------------
[INFO] 
[INFO] >>> spring-boot:3.4.4:run (default-cli) > test-compile @ roar-demo >>>
[INFO] 
[INFO] --- resources:3.3.1:resources (default-resources) @ roar-demo ---
[INFO] Copying 1 resource from src/main/resources to target/classes
[INFO] Copying 9 resources from src/main/resources to target/classes
[INFO] 
[INFO] --- compiler:3.13.0:compile (default-compile) @ roar-demo ---
[INFO] Nothing to compile - all classes are up to date.
[INFO] 
[INFO] --- resources:3.3.1:testResources (default-testResources) @ roar-demo ---
[INFO] skip non existing resourceDirectory /home/leooli/Documentos/CP2Java/src/test/resources
[INFO] 
[INFO] --- compiler:3.13.0:testCompile (default-testCompile) @ roar-demo ---
[INFO] Nothing to compile - all classes are up to date.
[INFO] 
[INFO] <<< spring-boot:3.4.4:run (default-cli) < test-compile @ roar-demo <<<
[INFO] 
[INFO] 
[INFO] --- spring-boot:3.4.4:run (default-cli) @ roar-demo ---
[INFO] Attaching agents: []

  .   ____          _            __ _ _
 /\\ / ___'_ __ _ _(_)_ __  __ _ \ \ \ \
( ( )\___ | '_ | '_| | '_ \/ _` | \ \ \ \
 \\/  ___)| |_)| | | | | || (_| |  ) ) ) )
  '  |____| .__|_| |_|_| |_\__, | / / / /
 =========|_|==============|___/=/_/_/_/

 :: Spring Boot ::                (v3.4.4)

2025-04-08T22:55:19.859-03:00  INFO 66490 --- [roar-demo] [           main] b.com.fiap.roardemo.RoarDemoApplication  : Starting RoarDemoApplication using Java 21.0.6 with PID 66490 (/home/leooli/Documentos/CP2Java/target/classes started by leooli in /home/leooli/Documentos/CP2Java)
2025-04-08T22:55:19.860-03:00 DEBUG 66490 --- [roar-demo] [           main] b.com.fiap.roardemo.RoarDemoApplication  : Running with Spring Boot v3.4.4, Spring v6.2.5
2025-04-08T22:55:19.861-03:00  INFO 66490 --- [roar-demo] [           main] b.com.fiap.roardemo.RoarDemoApplication  : No active profile set, falling back to 1 default profile: "default"
2025-04-08T22:55:19.861-03:00 DEBUG 66490 --- [roar-demo] [           main] o.s.boot.SpringApplication               : Loading source class br.com.fiap.roardemo.RoarDemoApplication
2025-04-08T22:55:19.889-03:00  INFO 66490 --- [roar-demo] [           main] .s.b.d.c.l.DockerComposeLifecycleManager : Using Docker Compose file /home/leooli/Documentos/CP2Java/compose.yaml
